2018-09-02 11:58:53 INFO  Base:28 - Chrome browser launched
2018-09-02 11:58:56 INFO  Base:30 - URL enteredhttp://srssprojects.in/home.aspx
2018-09-02 11:58:57 INFO  Base:42 - Incorrect Title displayed: KEXIM BANK
2018-09-02 12:02:33 INFO  Base:28 - Chrome browser launched
2018-09-02 12:02:36 INFO  Base:30 - URL entered:http://srssprojects.in/home.aspx
2018-09-02 12:02:37 INFO  Base:33 - Chrome browser Maximised
2018-09-02 12:02:37 INFO  Base:43 - Incorrect Title displayed: KEXIM BANK
2018-09-02 12:30:38 INFO  Base:28 - Chrome browser launched
2018-09-02 12:30:41 INFO  Base:30 - URL entered:http://srssprojects.in/home.aspx
2018-09-02 12:30:41 INFO  Base:33 - Chrome browser Maximised
2018-09-02 12:30:41 INFO  Base:43 - Incorrect Title displayed: KEXIM BANK
2018-09-02 13:06:10 INFO  Base:28 - Chrome browser launched
2018-09-02 13:06:12 INFO  Base:30 - URL entered:http://srssprojects.in/home.aspx
2018-09-02 13:06:12 INFO  Base:33 - Chrome browser Maximised
2018-09-02 13:06:13 INFO  Base:43 - Incorrect Title displayed: KEXIM BANK
2018-09-02 14:18:18 INFO  Base:29 - Chrome browser launched
2018-09-02 14:18:21 INFO  Base:31 - URL entered:http://srssprojects.in/home.aspx
2018-09-02 14:18:21 INFO  Base:34 - Chrome browser Maximised
2018-09-02 14:18:22 INFO  Base:42 - Incorrect Title displayed: KEXIM BANK
2018-09-02 14:18:56 INFO  Base:29 - Chrome browser launched
2018-09-02 14:18:59 INFO  Base:31 - URL entered:http://srssprojects.in/home.aspx
2018-09-02 14:18:59 INFO  Base:34 - Chrome browser Maximised
2018-09-02 14:19:00 INFO  Base:42 - Incorrect Title displayed: KEXIM BANK
2018-09-02 14:23:38 INFO  Base:29 - Chrome browser launched
2018-09-02 14:23:44 INFO  Base:31 - URL entered:http://srssprojects.in/home.aspx
2018-09-02 14:23:44 INFO  Base:34 - Chrome browser Maximised
2018-09-02 14:23:45 INFO  Base:42 - Incorrect Title displayed: KEXIM BANK
2018-09-02 14:24:19 INFO  Base:29 - Chrome browser launched
2018-09-02 14:24:22 INFO  Base:31 - URL entered:http://srssprojects.in/home.aspx
2018-09-02 14:24:22 INFO  Base:34 - Chrome browser Maximised
2018-09-02 14:24:22 INFO  Base:42 - Incorrect Title displayed: KEXIM BANK
2018-09-02 14:24:56 INFO  Base:29 - Chrome browser launched
2018-09-02 14:24:59 INFO  Base:31 - URL entered:http://srssprojects.in/home.aspx
2018-09-02 14:24:59 INFO  Base:34 - Chrome browser Maximised
2018-09-02 14:25:00 INFO  Base:42 - Incorrect Title displayed: KEXIM BANK
2018-09-02 14:33:54 INFO  Base:29 - Chrome browser launched
2018-09-02 14:33:56 INFO  Base:31 - URL entered:http://srssprojects.in/home.aspx
2018-09-02 14:33:56 INFO  Base:34 - Chrome browser Maximised
2018-09-02 14:33:57 INFO  Base:42 - Incorrect Title displayed: KEXIM BANK
2018-09-02 14:39:55 INFO  Base:29 - Chrome browser launched
2018-09-02 14:40:00 INFO  Base:31 - URL entered:http://srssprojects.in/home.aspx
2018-09-02 14:40:00 INFO  Base:34 - Chrome browser Maximised
2018-09-02 14:40:00 INFO  Base:42 - Incorrect Title displayed: KEXIM BANK
2018-09-02 14:42:07 INFO  Base:29 - Chrome browser launched
2018-09-02 14:42:22 INFO  Base:31 - URL entered:http://srssprojects.in/home.aspx
2018-09-02 14:42:22 INFO  Base:34 - Chrome browser Maximised
2018-09-02 14:42:22 INFO  Base:42 - Incorrect Title displayed: KEXIM BANK
2018-09-02 15:24:56 INFO  Base:39 - Chrome browser launched
2018-09-02 15:25:00 INFO  Base:42 - URL entered:http://srssprojects.in/home.aspx
2018-09-02 15:25:00 INFO  Base:45 - Chrome browser Maximised
2018-09-02 15:25:00 INFO  Base:50 - Title displayed correctly as: KEXIM BANK
